<?xml version="1.0" encoding="UTF-8"?>
<testsuites>
  <testsuite name="utils" timestamp="2023-06-02T08:38:21Z" hostname="52bb8dc54b2b" tests="11" skipped="0" failures="0" errors="0" time="1.823">
    <testcase time="0.0179999999999999" classname="utils" name="package_environment_is_setup_as_expected"/>
    <testcase time="0.108" classname="utils" name="get_app_code_throws_error_if_app_name_is_not_string"/>
    <testcase time="0.00900000000000001" classname="utils" name="get_app_code_throws_error_if_app_name_is_not_string"/>
    <testcase time="0.0209999999999999" classname="utils" name="get_app_code_throws_error_if_no_app_exists"/>
    <testcase time="0.014" classname="utils" name="get_app_code_throws_error_if_app.R_file_does_not_exist_or_cannot_be_read_"/>
    <testcase time="0.00900000000000001" classname="utils" name="get_app_code_throws_error_if_app.R_file_does_not_exist_or_cannot_be_read_"/>
    <testcase time="0.01" classname="utils" name="launch_app_throws_error_if_app_name_is_not_a_string"/>
    <testcase time="0.00900000000000001" classname="utils" name="launch_app_throws_error_if_app_name_is_not_a_string"/>
    <testcase time="1.024" classname="utils" name="launch_app_throws_error_if_app_directory_does_not_exist"/>
    <testcase time="0.01" classname="utils" name="launch_app_throws_error_if_app_dependencies_do_not_exist"/>
    <testcase time="0.591" classname="utils" name="launch_app_launches_the_app_if_dependencies_exist"/>
  </testsuite>
</testsuites>
