<?xml version="1.0" encoding="UTF-8"?>
<testsuites>
  <testsuite name="utils" timestamp="2023-02-21T12:06:15Z" hostname="eb60723551ce" tests="11" skipped="0" failures="0" errors="0" time="1.25">
    <testcase time="0.0589999999999999" classname="utils" name="package_environment_is_setup_as_expected"/>
    <testcase time="0.113" classname="utils" name="get_app_code_throws_error_if_app_name_is_not_string"/>
    <testcase time="0.01" classname="utils" name="get_app_code_throws_error_if_app_name_is_not_string"/>
    <testcase time="0.026" classname="utils" name="get_app_code_throws_error_if_no_app_exists"/>
    <testcase time="0.014" classname="utils" name="get_app_code_throws_error_if_app.R_file_does_not_exist_or_cannot_be_read_"/>
    <testcase time="0.01" classname="utils" name="get_app_code_throws_error_if_app.R_file_does_not_exist_or_cannot_be_read_"/>
    <testcase time="0.01" classname="utils" name="launch_app_throws_error_if_app_name_is_not_a_string"/>
    <testcase time="0.01" classname="utils" name="launch_app_throws_error_if_app_name_is_not_a_string"/>
    <testcase time="0.507" classname="utils" name="launch_app_throws_error_if_app_directory_does_not_exist"/>
    <testcase time="0.01" classname="utils" name="launch_app_throws_error_if_app_dependencies_do_not_exist"/>
    <testcase time="0.481" classname="utils" name="launch_app_launches_the_app_if_dependencies_exist"/>
  </testsuite>
</testsuites>
