<?xml version="1.0" encoding="UTF-8"?>
<testsuites>
  <testsuite name="utils" timestamp="2023-06-29T03:15:08Z" hostname="13e48961eb9a" tests="11" skipped="0" failures="0" errors="0" time="1.459">
    <testcase time="0.011" classname="utils" name="package_environment_is_setup_as_expected"/>
    <testcase time="0.118" classname="utils" name="get_app_code_throws_error_if_app_name_is_not_string"/>
    <testcase time="0.00600000000000001" classname="utils" name="get_app_code_throws_error_if_app_name_is_not_string"/>
    <testcase time="0.021" classname="utils" name="get_app_code_throws_error_if_no_app_exists"/>
    <testcase time="0.0109999999999999" classname="utils" name="get_app_code_throws_error_if_app.R_file_does_not_exist_or_cannot_be_read_"/>
    <testcase time="0.00600000000000001" classname="utils" name="get_app_code_throws_error_if_app.R_file_does_not_exist_or_cannot_be_read_"/>
    <testcase time="0.00800000000000001" classname="utils" name="launch_app_throws_error_if_app_name_is_not_a_string"/>
    <testcase time="0.00600000000000001" classname="utils" name="launch_app_throws_error_if_app_name_is_not_a_string"/>
    <testcase time="0.897" classname="utils" name="launch_app_throws_error_if_app_directory_does_not_exist"/>
    <testcase time="0.02" classname="utils" name="launch_app_throws_error_if_app_dependencies_do_not_exist"/>
    <testcase time="0.355" classname="utils" name="launch_app_launches_the_app_if_dependencies_exist"/>
  </testsuite>
</testsuites>
