<?xml version="1.0" encoding="UTF-8"?>
<testsuites>
  <testsuite name="utils" timestamp="2023-06-28T08:34:54Z" hostname="4fd59d6a5bf5" tests="11" skipped="0" failures="0" errors="0" time="2.229">
    <testcase time="0.013" classname="utils" name="package_environment_is_setup_as_expected"/>
    <testcase time="0.145" classname="utils" name="get_app_code_throws_error_if_app_name_is_not_string"/>
    <testcase time="0.00800000000000001" classname="utils" name="get_app_code_throws_error_if_app_name_is_not_string"/>
    <testcase time="0.025" classname="utils" name="get_app_code_throws_error_if_no_app_exists"/>
    <testcase time="0.013" classname="utils" name="get_app_code_throws_error_if_app.R_file_does_not_exist_or_cannot_be_read_"/>
    <testcase time="0.00700000000000001" classname="utils" name="get_app_code_throws_error_if_app.R_file_does_not_exist_or_cannot_be_read_"/>
    <testcase time="0.00900000000000001" classname="utils" name="launch_app_throws_error_if_app_name_is_not_a_string"/>
    <testcase time="0.00599999999999989" classname="utils" name="launch_app_throws_error_if_app_name_is_not_a_string"/>
    <testcase time="1.543" classname="utils" name="launch_app_throws_error_if_app_directory_does_not_exist"/>
    <testcase time="0.024" classname="utils" name="launch_app_throws_error_if_app_dependencies_do_not_exist"/>
    <testcase time="0.436" classname="utils" name="launch_app_launches_the_app_if_dependencies_exist"/>
  </testsuite>
</testsuites>
